2024-08-05 12:43:18 DEBUG TestNG:82 - suiteXmlPath: "C:\Users\anupr\eclipse-workspace\practice\master.xml"
2024-08-05 12:43:18 INFO  Utils:112 - [TestNG] Running:
  C:\Users\anupr\eclipse-workspace\practice\master.xml

2024-08-05 12:43:24 INFO  TC_001_AddToCart:90 - Setup complete.
2024-08-05 12:43:25 INFO  TC_001_AddToCart:23 - ******Adding vegetables to the cart******
2024-08-05 12:43:27 INFO  TC_001_AddToCart:25 - *****All Vegetables added******
2024-08-05 12:43:28 INFO  TC_001_AddToCart:23 - ****Preview of orders*****
2024-08-05 12:43:28 INFO  TC_001_AddToCart:28 - ****Going to next page*****
2024-08-05 12:43:28 INFO  TC_001_AddToCart:16 - ******Selecting country as India*******
2024-08-05 12:43:28 INFO  TC_001_AddToCart:20 - ****Accepting terms and conditions*****
2024-08-05 12:43:28 INFO  TC_001_AddToCart:22 - ****Order Placed.*****
2024-08-05 12:48:46 DEBUG TestNG:82 - suiteXmlPath: "C:\Users\anupr\eclipse-workspace\practice\master.xml"
2024-08-05 12:48:46 INFO  Utils:112 - [TestNG] Running:
  C:\Users\anupr\eclipse-workspace\practice\master.xml

2024-08-05 12:48:54 INFO  TC_001_AddToCart:90 - Setup complete.
2024-08-05 12:48:54 INFO  TC_001_AddToCart:23 - ******Adding vegetables to the cart******
2024-08-05 12:48:57 INFO  TC_001_AddToCart:25 - *****All Vegetables added******
2024-08-05 12:48:57 INFO  TC_001_AddToCart:23 - ****Preview of orders*****
2024-08-05 12:48:58 INFO  TC_001_AddToCart:28 - ****Going to next page*****
2024-08-05 12:48:58 INFO  TC_001_AddToCart:16 - ******Selecting country as India*******
2024-08-05 12:48:58 INFO  TC_001_AddToCart:20 - ****Accepting terms and conditions*****
2024-08-05 12:48:58 INFO  TC_001_AddToCart:22 - ****Order Placed.*****
2024-08-05 12:50:14 DEBUG TestNG:82 - suiteXmlPath: "C:\Users\anupr\eclipse-workspace\practice\master.xml"
2024-08-05 12:50:14 INFO  Utils:112 - [TestNG] Running:
  C:\Users\anupr\eclipse-workspace\practice\master.xml

2024-08-05 12:50:17 INFO  TC_001_AddToCart:90 - Setup complete.
2024-08-05 12:50:17 INFO  TC_001_AddToCart:23 - ******Adding vegetables to the cart******
2024-08-05 12:50:20 INFO  TC_001_AddToCart:25 - *****All Vegetables added******
2024-08-05 12:50:20 INFO  TC_001_AddToCart:23 - ****Preview of orders*****
2024-08-05 12:50:21 INFO  TC_001_AddToCart:28 - ****Going to next page*****
2024-08-05 12:50:21 INFO  TC_001_AddToCart:16 - ******Selecting country as India*******
2024-08-05 12:50:21 INFO  TC_001_AddToCart:20 - ****Accepting terms and conditions*****
2024-08-05 12:50:21 INFO  TC_001_AddToCart:22 - ****Order Placed.*****
2024-08-05 12:51:49 DEBUG TestNG:82 - suiteXmlPath: "C:\Users\anupr\eclipse-workspace\practice\master.xml"
2024-08-05 12:51:49 INFO  Utils:112 - [TestNG] Running:
  C:\Users\anupr\eclipse-workspace\practice\master.xml

2024-08-05 12:51:53 INFO  TC_001_AddToCart:90 - Setup complete.
2024-08-05 12:51:53 INFO  TC_001_AddToCart:23 - ******Adding vegetables to the cart******
2024-08-05 12:51:57 INFO  TC_001_AddToCart:25 - *****All Vegetables added******
2024-08-05 12:51:58 INFO  TC_001_AddToCart:23 - ****Preview of orders*****
2024-08-05 12:51:58 INFO  TC_001_AddToCart:28 - ****Going to next page*****
2024-08-05 12:51:58 INFO  TC_001_AddToCart:16 - ******Selecting country as India*******
2024-08-05 12:51:59 INFO  TC_001_AddToCart:20 - ****Accepting terms and conditions*****
2024-08-05 12:51:59 INFO  TC_001_AddToCart:22 - ****Order Placed.*****
2024-08-05 12:52:44 DEBUG TestNG:82 - suiteXmlPath: "C:\Users\anupr\eclipse-workspace\practice\master.xml"
2024-08-05 12:52:44 INFO  Utils:112 - [TestNG] Running:
  C:\Users\anupr\eclipse-workspace\practice\master.xml

2024-08-05 12:52:50 INFO  TC_001_AddToCart:90 - Setup complete.
2024-08-05 12:52:50 INFO  TC_001_AddToCart:23 - ******Adding vegetables to the cart******
2024-08-05 12:52:57 INFO  TC_001_AddToCart:25 - *****All Vegetables added******
2024-08-05 12:52:58 INFO  TC_001_AddToCart:23 - ****Preview of orders*****
2024-08-05 12:52:59 INFO  TC_001_AddToCart:28 - ****Going to next page*****
2024-08-05 12:52:59 INFO  TC_001_AddToCart:16 - ******Selecting country as India*******
2024-08-05 12:52:59 INFO  TC_001_AddToCart:20 - ****Accepting terms and conditions*****
2024-08-05 12:52:59 INFO  TC_001_AddToCart:22 - ****Order Placed.*****
2024-08-05 13:02:41 DEBUG TestNG:82 - suiteXmlPath: "C:\Users\anupr\eclipse-workspace\practice\master.xml"
2024-08-05 13:02:42 INFO  Utils:112 - [TestNG] Running:
  C:\Users\anupr\eclipse-workspace\practice\master.xml

2024-08-05 13:02:44 INFO  TC_001_AddToCart:90 - Setup complete.
2024-08-05 13:02:44 INFO  TC_001_AddToCart:23 - ******Adding vegetables to the cart******
2024-08-05 13:02:47 INFO  TC_001_AddToCart:25 - *****All Vegetables added******
2024-08-05 13:02:47 INFO  TC_001_AddToCart:23 - ****Preview of orders*****
2024-08-05 13:02:48 INFO  TC_001_AddToCart:28 - ****Going to next page*****
2024-08-05 13:02:48 INFO  TC_001_AddToCart:18 - ******Selecting country as India*******
2024-08-05 13:02:48 INFO  TC_001_AddToCart:22 - ****Accepting terms and conditions*****
2024-08-05 13:02:48 INFO  TC_001_AddToCart:24 - ****Order Placed.*****
2024-08-05 13:03:18 DEBUG TestNG:82 - suiteXmlPath: "C:\Users\anupr\eclipse-workspace\practice\master.xml"
2024-08-05 13:03:18 INFO  Utils:112 - [TestNG] Running:
  C:\Users\anupr\eclipse-workspace\practice\master.xml

2024-08-05 13:03:22 INFO  TC_001_AddToCart:90 - Setup complete.
2024-08-05 13:03:22 INFO  TC_001_AddToCart:23 - ******Adding vegetables to the cart******
2024-08-05 13:03:25 INFO  TC_001_AddToCart:25 - *****All Vegetables added******
2024-08-05 13:03:25 INFO  TC_001_AddToCart:23 - ****Preview of orders*****
2024-08-05 13:03:26 INFO  TC_001_AddToCart:28 - ****Going to next page*****
2024-08-05 13:03:26 INFO  TC_001_AddToCart:18 - ******Selecting country as India*******
2024-08-05 13:03:26 INFO  TC_001_AddToCart:22 - ****Accepting terms and conditions*****
2024-08-05 13:03:26 INFO  TC_001_AddToCart:24 - ****Order Placed.*****
2024-08-05 13:04:32 DEBUG TestNG:82 - suiteXmlPath: "C:\Users\anupr\eclipse-workspace\practice\master.xml"
2024-08-05 13:04:32 INFO  Utils:112 - [TestNG] Running:
  C:\Users\anupr\eclipse-workspace\practice\master.xml

2024-08-05 13:04:41 INFO  TC_001_AddToCart:90 - Setup complete.
2024-08-05 13:04:41 INFO  TC_001_AddToCart:23 - ******Adding vegetables to the cart******
2024-08-05 13:04:44 INFO  TC_001_AddToCart:25 - *****All Vegetables added******
2024-08-05 13:04:44 INFO  TC_001_AddToCart:23 - ****Preview of orders*****
2024-08-05 13:04:45 INFO  TC_001_AddToCart:28 - ****Going to next page*****
2024-08-05 13:04:45 INFO  TC_001_AddToCart:18 - ******Selecting country as India*******
2024-08-05 13:04:45 INFO  TC_001_AddToCart:22 - ****Accepting terms and conditions*****
2024-08-05 13:04:45 INFO  TC_001_AddToCart:24 - ****Order Placed.*****
2024-08-05 13:05:22 DEBUG TestNG:82 - suiteXmlPath: "C:\Users\anupr\eclipse-workspace\practice\master.xml"
2024-08-05 13:05:22 INFO  Utils:112 - [TestNG] Running:
  C:\Users\anupr\eclipse-workspace\practice\master.xml

2024-08-05 13:05:26 INFO  TC_001_AddToCart:90 - Setup complete.
2024-08-05 13:05:26 INFO  TC_001_AddToCart:23 - ******Adding vegetables to the cart******
2024-08-05 13:05:29 INFO  TC_001_AddToCart:25 - *****All Vegetables added******
2024-08-05 13:05:42 INFO  TC_002_FinalCart:90 - Setup complete.
2024-08-05 13:05:43 INFO  TC_002_FinalCart:23 - ****Preview of orders*****
2024-08-05 13:06:44 DEBUG TestNG:82 - suiteXmlPath: "C:\Users\anupr\eclipse-workspace\practice\master.xml"
2024-08-05 13:06:44 INFO  Utils:112 - [TestNG] Running:
  C:\Users\anupr\eclipse-workspace\practice\master.xml

2024-08-05 13:06:48 INFO  TC_001_AddToCart:90 - Setup complete.
2024-08-05 13:06:48 INFO  TC_001_AddToCart:23 - ******Adding vegetables to the cart******
2024-08-05 13:06:53 INFO  TC_001_AddToCart:25 - *****All Vegetables added******
2024-08-05 13:06:54 INFO  TC_001_AddToCart:23 - ****Preview of orders*****
2024-08-05 13:06:54 INFO  TC_001_AddToCart:28 - ****Going to next page*****
2024-08-05 13:06:54 INFO  TC_001_AddToCart:18 - ******Selecting country as India*******
2024-08-05 13:06:55 INFO  TC_001_AddToCart:22 - ****Accepting terms and conditions*****
2024-08-05 13:06:55 INFO  TC_001_AddToCart:24 - ****Order Placed.*****
2024-08-05 13:08:52 DEBUG TestNG:82 - suiteXmlPath: "C:\Users\anupr\eclipse-workspace\practice\master.xml"
2024-08-05 13:08:53 INFO  Utils:112 - [TestNG] Running:
  C:\Users\anupr\eclipse-workspace\practice\master.xml

2024-08-05 13:08:57 INFO  TC_001_AddToCart:90 - Setup complete.
2024-08-05 13:08:57 INFO  TC_001_AddToCart:23 - ******Adding vegetables to the cart******
2024-08-05 13:09:01 INFO  TC_001_AddToCart:25 - *****All Vegetables added******
2024-08-05 13:09:02 INFO  TC_001_AddToCart:23 - ****Preview of orders*****
2024-08-05 13:09:02 INFO  TC_001_AddToCart:28 - ****Going to next page*****
2024-08-05 13:09:02 INFO  TC_001_AddToCart:18 - ******Selecting country as India*******
2024-08-05 13:09:07 INFO  TC_001_AddToCart:22 - ****Accepting terms and conditions*****
2024-08-05 13:09:07 INFO  TC_001_AddToCart:24 - ****Order Placed.*****
2024-08-05 13:09:49 DEBUG TestNG:82 - suiteXmlPath: "C:\Users\anupr\eclipse-workspace\practice\master.xml"
2024-08-05 13:09:50 INFO  Utils:112 - [TestNG] Running:
  C:\Users\anupr\eclipse-workspace\practice\master.xml

2024-08-05 13:09:53 INFO  TC_001_AddToCart:90 - Setup complete.
2024-08-05 13:09:53 INFO  TC_001_AddToCart:23 - ******Adding vegetables to the cart******
2024-08-05 13:09:59 INFO  TC_001_AddToCart:25 - *****All Vegetables added******
2024-08-05 13:09:59 INFO  TC_001_AddToCart:23 - ****Preview of orders*****
2024-08-05 13:10:00 INFO  TC_001_AddToCart:28 - ****Going to next page*****
2024-08-05 13:10:00 INFO  TC_001_AddToCart:18 - ******Selecting country as India*******
2024-08-05 13:10:00 INFO  TC_001_AddToCart:22 - ****Accepting terms and conditions*****
2024-08-05 13:10:00 INFO  TC_001_AddToCart:24 - ****Order Placed.*****
2024-08-05 14:48:13 DEBUG TestNG:82 - suiteXmlPath: "C:\Users\anupr\eclipse-workspace\practice\master.xml"
2024-08-05 14:48:13 INFO  Utils:112 - [TestNG] Running:
  C:\Users\anupr\eclipse-workspace\practice\master.xml

2024-08-05 14:48:21 INFO  TC_001_AddToCart:90 - Setup complete.
2024-08-05 14:48:22 INFO  TC_001_AddToCart:23 - ******Adding vegetables to the cart******
2024-08-05 14:48:29 INFO  TC_001_AddToCart:25 - *****All Vegetables added******
2024-08-05 14:51:16 DEBUG TestNG:82 - suiteXmlPath: "C:\Users\anupr\eclipse-workspace\practice\master.xml"
2024-08-05 14:51:16 INFO  Utils:112 - [TestNG] Running:
  C:\Users\anupr\eclipse-workspace\practice\master.xml

2024-08-05 14:51:21 INFO  TC_001_AddToCart:90 - Setup complete.
2024-08-05 14:51:21 INFO  TC_001_AddToCart:23 - ******Adding vegetables to the cart******
2024-08-05 14:51:27 INFO  TC_001_AddToCart:25 - *****All Vegetables added******
2024-08-05 14:51:28 INFO  TC_001_AddToCart:23 - ****opening page****
2024-08-05 14:51:28 INFO  TC_001_AddToCart:24 - ****Preview of orders*****
2024-08-05 14:51:29 INFO  TC_001_AddToCart:29 - ****Going to next page*****
2024-08-05 14:51:29 INFO  TC_001_AddToCart:18 - ******Selecting country as India*******
2024-08-05 14:53:02 DEBUG TestNG:82 - suiteXmlPath: "C:\Users\anupr\eclipse-workspace\practice\master.xml"
2024-08-05 14:53:02 INFO  Utils:112 - [TestNG] Running:
  C:\Users\anupr\eclipse-workspace\practice\master.xml

2024-08-05 14:53:08 INFO  TC_001_AddToCart:90 - Setup complete.
2024-08-05 14:53:08 INFO  TC_001_AddToCart:23 - ******Adding vegetables to the cart******
2024-08-05 14:53:13 INFO  TC_001_AddToCart:25 - *****All Vegetables added******
2024-08-05 14:53:13 INFO  TC_001_AddToCart:23 - ****opening page****
2024-08-05 14:53:13 INFO  TC_001_AddToCart:24 - ****Preview of orders*****
2024-08-05 14:53:14 INFO  TC_001_AddToCart:29 - ****Going to next page*****
2024-08-05 14:53:14 INFO  TC_001_AddToCart:20 - ******Country selected as India*******
2024-08-05 14:53:15 INFO  TC_001_AddToCart:22 - ****Accepting terms and conditions*****
2024-08-05 14:53:15 INFO  TC_001_AddToCart:24 - ****Order Placed.*****
